2017-11-29 23:23:09.420  INFO 81506 --- [main] com.houxiaopang.DemoApplication          : Starting DemoApplication v0.0.1-SNAPSHOT on DYH-MAC.local with PID 81506 (/Users/ding/dev/hxp/jar/blog.jar started by ding in /Users/ding/dev/hxp)
2017-11-29 23:23:09.425  INFO 81506 --- [main] com.houxiaopang.DemoApplication          : The following profiles are active: prod
2017-11-29 23:23:09.662  INFO 81506 --- [main] ationConfigEmbeddedWebApplicationContext : Refreshing org.springframework.boot.context.embedded.AnnotationConfigEmbeddedWebApplicationContext@5f8edcc5: startup date [Wed Nov 29 23:23:09 CST 2017]; root of context hierarchy
2017-11-29 23:23:14.329  INFO 81506 --- [main] trationDelegate$BeanPostProcessorChecker : Bean 'taskExecutorConfig' of type [com.houxiaopang.TaskExecutorConfig$$EnhancerBySpringCGLIB$$bdfb536d] is not eligible for getting processed by all BeanPostProcessors (for example: not eligible for auto-proxying)
2017-11-29 23:23:14.404  INFO 81506 --- [main] o.s.s.concurrent.ThreadPoolTaskExecutor  : Initializing ExecutorService 
2017-11-29 23:23:17.408  INFO 81506 --- [main] s.b.c.e.t.TomcatEmbeddedServletContainer : Tomcat initialized with port(s): 9181 (http)
2017-11-29 23:23:17.463  INFO 81506 --- [main] o.apache.catalina.core.StandardService   : Starting service [Tomcat]
2017-11-29 23:23:17.469  INFO 81506 --- [main] org.apache.catalina.core.StandardEngine  : Starting Servlet Engine: Apache Tomcat/8.5.23
2017-11-29 23:23:17.893  INFO 81506 --- [localhost-startStop-1] o.a.c.c.C.[Tomcat].[localhost].[/]       : Initializing Spring embedded WebApplicationContext
2017-11-29 23:23:17.894  INFO 81506 --- [localhost-startStop-1] o.s.web.context.ContextLoader            : Root WebApplicationContext: initialization completed in 8250 ms
2017-11-29 23:23:18.397  INFO 81506 --- [localhost-startStop-1] o.s.b.w.servlet.ServletRegistrationBean  : Mapping servlet: 'dispatcherServlet' to [/]
2017-11-29 23:23:18.424  INFO 81506 --- [localhost-startStop-1] o.s.b.w.servlet.FilterRegistrationBean   : Mapping filter: 'characterEncodingFilter' to: [/*]
2017-11-29 23:23:18.425  INFO 81506 --- [localhost-startStop-1] o.s.b.w.servlet.FilterRegistrationBean   : Mapping filter: 'hiddenHttpMethodFilter' to: [/*]
2017-11-29 23:23:18.426  INFO 81506 --- [localhost-startStop-1] o.s.b.w.servlet.FilterRegistrationBean   : Mapping filter: 'httpPutFormContentFilter' to: [/*]
2017-11-29 23:23:18.428  INFO 81506 --- [localhost-startStop-1] o.s.b.w.servlet.FilterRegistrationBean   : Mapping filter: 'requestContextFilter' to: [/*]
2017-11-29 23:23:22.687  INFO 81506 --- [main] s.w.s.m.m.a.RequestMappingHandlerAdapter : Looking for @ControllerAdvice: org.springframework.boot.context.embedded.AnnotationConfigEmbeddedWebApplicationContext@5f8edcc5: startup date [Wed Nov 29 23:23:09 CST 2017]; root of context hierarchy
2017-11-29 23:23:23.070  INFO 81506 --- [main] s.w.s.m.m.a.RequestMappingHandlerMapping : Mapped "{[/api/v1.2/bargain/getfirstpage],methods=[GET]}" onto java.lang.String com.houxiaopang.controllor.BargainControllor.getDemand(java.lang.String,java.lang.String)
2017-11-29 23:23:23.073  INFO 81506 --- [main] s.w.s.m.m.a.RequestMappingHandlerMapping : Mapped "{[/api/v1.2/bargain/login],methods=[GET]}" onto java.lang.String com.houxiaopang.controllor.BargainControllor.login(java.lang.String)
2017-11-29 23:23:23.075  INFO 81506 --- [main] s.w.s.m.m.a.RequestMappingHandlerMapping : Mapped "{[/api/v1.2/bargain/bargain],methods=[POST]}" onto java.lang.String com.houxiaopang.controllor.BargainControllor.bargain(java.lang.String,java.lang.String)
2017-11-29 23:23:23.076  INFO 81506 --- [main] s.w.s.m.m.a.RequestMappingHandlerMapping : Mapped "{[/api/v1.2/bargain/adddemand],methods=[POST]}" onto java.lang.String com.houxiaopang.controllor.BargainControllor.addDemand(com.houxiaopang.model.Demand)
2017-11-29 23:23:23.081  INFO 81506 --- [main] s.w.s.m.m.a.RequestMappingHandlerMapping : Mapped "{[/blog],methods=[GET]}" onto org.springframework.web.servlet.ModelAndView com.houxiaopang.controllor.BlogControllor.home()
2017-11-29 23:23:23.082  INFO 81506 --- [main] s.w.s.m.m.a.RequestMappingHandlerMapping : Mapped "{[/blog/404],methods=[GET]}" onto java.lang.String com.houxiaopang.controllor.BlogControllor.notfond()
2017-11-29 23:23:23.085  INFO 81506 --- [main] s.w.s.m.m.a.RequestMappingHandlerMapping : Mapped "{[/blog/case/{id}],methods=[GET]}" onto org.springframework.web.servlet.ModelAndView com.houxiaopang.controllor.BlogControllor.casecontent(java.lang.String)
2017-11-29 23:23:23.086  INFO 81506 --- [main] s.w.s.m.m.a.RequestMappingHandlerMapping : Mapped "{[/blog/case],methods=[GET]}" onto org.springframework.web.servlet.ModelAndView com.houxiaopang.controllor.BlogControllor.introduce(java.lang.String,java.lang.String)
2017-11-29 23:23:23.086  INFO 81506 --- [main] s.w.s.m.m.a.RequestMappingHandlerMapping : Mapped "{[/blog/design],methods=[GET]}" onto org.springframework.web.servlet.ModelAndView com.houxiaopang.controllor.BlogControllor.designd(java.lang.String,java.lang.String)
2017-11-29 23:23:23.087  INFO 81506 --- [main] s.w.s.m.m.a.RequestMappingHandlerMapping : Mapped "{[/blog/design/{id}],methods=[GET]}" onto org.springframework.web.servlet.ModelAndView com.houxiaopang.controllor.BlogControllor.design(java.lang.String)
2017-11-29 23:23:23.088  INFO 81506 --- [main] s.w.s.m.m.a.RequestMappingHandlerMapping : Mapped "{[/blog/addcase],methods=[POST]}" onto java.lang.String com.houxiaopang.controllor.BlogControllor.addcase(com.houxiaopang.model.Case)
2017-11-29 23:23:23.088  INFO 81506 --- [main] s.w.s.m.m.a.RequestMappingHandlerMapping : Mapped "{[/blog/adddesign],methods=[POST]}" onto java.lang.String com.houxiaopang.controllor.BlogControllor.adddesign(com.houxiaopang.model.Design)
2017-11-29 23:23:23.100  INFO 81506 --- [main] s.w.s.m.m.a.RequestMappingHandlerMapping : Mapped "{[/api/v1.2/verified/getverified],methods=[GET]}" onto java.lang.String com.houxiaopang.controllor.VerifiedControllor.selectVerified(javax.servlet.http.HttpServletRequest)
2017-11-29 23:23:23.101  INFO 81506 --- [main] s.w.s.m.m.a.RequestMappingHandlerMapping : Mapped "{[/api/v1.2/verified/addverified],methods=[POST]}" onto java.lang.String com.houxiaopang.controllor.VerifiedControllor.addVerified(javax.servlet.http.HttpServletRequest,com.houxiaopang.model.Verified,org.springframework.web.multipart.MultipartFile,org.springframework.web.multipart.MultipartFile)
2017-11-29 23:23:23.106  INFO 81506 --- [main] s.w.s.m.m.a.RequestMappingHandlerMapping : Mapped "{[/api/v1.2/verified/updatastatus],methods=[POST]}" onto java.lang.String com.houxiaopang.controllor.VerifiedControllor.updatastatus(java.lang.String,java.lang.String,javax.servlet.http.HttpServletRequest)
2017-11-29 23:23:23.108  INFO 81506 --- [main] s.w.s.m.m.a.RequestMappingHandlerMapping : Mapped "{[/api/v1.2/verified/selectall],methods=[GET]}" onto java.lang.String com.houxiaopang.controllor.VerifiedControllor.updatastatus(javax.servlet.http.HttpServletRequest)
2017-11-29 23:23:23.110  INFO 81506 --- [main] s.w.s.m.m.a.RequestMappingHandlerMapping : Mapped "{[/api/v1.2/verified/workinsert],methods=[POST]}" onto java.lang.String com.houxiaopang.controllor.VerifiedControllor.insertwork(java.lang.String,javax.servlet.http.HttpServletRequest)
2017-11-29 23:23:23.117  INFO 81506 --- [main] s.w.s.m.m.a.RequestMappingHandlerMapping : Mapped "{[/error]}" onto public org.springframework.http.ResponseEntity<java.util.Map<java.lang.String, java.lang.Object>> org.springframework.boot.autoconfigure.web.BasicErrorController.error(javax.servlet.http.HttpServletRequest)
2017-11-29 23:23:23.118  INFO 81506 --- [main] s.w.s.m.m.a.RequestMappingHandlerMapping : Mapped "{[/error],produces=[text/html]}" onto public org.springframework.web.servlet.ModelAndView org.springframework.boot.autoconfigure.web.BasicErrorController.errorHtml(javax.servlet.http.HttpServletRequest,javax.servlet.http.HttpServletResponse)
2017-11-29 23:23:23.269  INFO 81506 --- [main] .m.m.a.ExceptionHandlerExceptionResolver : Detected @ExceptionHandler methods in globalExceptionHandler
2017-11-29 23:23:23.384  INFO 81506 --- [main] o.s.w.s.handler.SimpleUrlHandlerMapping  : Mapped URL path [/**/favicon.ico] onto handler of type [class org.springframework.web.servlet.resource.ResourceHttpRequestHandler]
2017-11-29 23:23:24.368  INFO 81506 --- [main] o.s.ui.freemarker.SpringTemplateLoader   : SpringTemplateLoader for FreeMarker: using resource loader [org.springframework.boot.context.embedded.AnnotationConfigEmbeddedWebApplicationContext@5f8edcc5: startup date [Wed Nov 29 23:23:09 CST 2017]; root of context hierarchy] and template loader path [classpath:/templates/]
2017-11-29 23:23:24.376  INFO 81506 --- [main] o.s.w.s.v.f.FreeMarkerConfigurer         : ClassTemplateLoader for Spring macros added to FreeMarker configuration
2017-11-29 23:23:24.905  INFO 81506 --- [main] o.s.j.e.a.AnnotationMBeanExporter        : Registering beans for JMX exposure on startup
2017-11-29 23:23:25.161  INFO 81506 --- [main] s.b.c.e.t.TomcatEmbeddedServletContainer : Tomcat started on port(s): 9181 (http)
2017-11-29 23:23:25.189  INFO 81506 --- [main] com.houxiaopang.DemoApplication          : Started DemoApplication in 19.079 seconds (JVM running for 21.478)
2017-11-29 23:24:12.074  INFO 81506 --- [http-nio-9181-exec-1] o.a.c.c.C.[Tomcat].[localhost].[/]       : Initializing Spring FrameworkServlet 'dispatcherServlet'
2017-11-29 23:24:12.079  INFO 81506 --- [http-nio-9181-exec-1] o.s.web.servlet.DispatcherServlet        : FrameworkServlet 'dispatcherServlet': initialization started
2017-11-29 23:24:12.139  INFO 81506 --- [http-nio-9181-exec-1] o.s.web.servlet.DispatcherServlet        : FrameworkServlet 'dispatcherServlet': initialization completed in 60 ms
2017-11-29 23:42:23.034  INFO 81506 --- [Thread-2] ationConfigEmbeddedWebApplicationContext : Closing org.springframework.boot.context.embedded.AnnotationConfigEmbeddedWebApplicationContext@5f8edcc5: startup date [Wed Nov 29 23:23:09 CST 2017]; root of context hierarchy
2017-11-29 23:42:23.062  INFO 81506 --- [Thread-2] o.s.j.e.a.AnnotationMBeanExporter        : Unregistering JMX-exposed beans on shutdown
2017-11-29 23:43:13.504  INFO 81837 --- [main] com.houxiaopang.DemoApplication          : Starting DemoApplication v0.0.1-SNAPSHOT on DYH-MAC.local with PID 81837 (/Users/ding/dev/hxp/jar/blog.jar started by ding in /Users/ding/dev/hxp)
2017-11-29 23:43:13.512  INFO 81837 --- [main] com.houxiaopang.DemoApplication          : The following profiles are active: dev
2017-11-29 23:43:13.713  INFO 81837 --- [main] ationConfigEmbeddedWebApplicationContext : Refreshing org.springframework.boot.context.embedded.AnnotationConfigEmbeddedWebApplicationContext@343570b7: startup date [Wed Nov 29 23:43:13 CST 2017]; root of context hierarchy
2017-11-29 23:43:17.286  INFO 81837 --- [main] trationDelegate$BeanPostProcessorChecker : Bean 'taskExecutorConfig' of type [com.houxiaopang.TaskExecutorConfig$$EnhancerBySpringCGLIB$$8435555a] is not eligible for getting processed by all BeanPostProcessors (for example: not eligible for auto-proxying)
2017-11-29 23:43:17.306  INFO 81837 --- [main] o.s.s.concurrent.ThreadPoolTaskExecutor  : Initializing ExecutorService 
2017-11-29 23:43:19.223  INFO 81837 --- [main] s.b.c.e.t.TomcatEmbeddedServletContainer : Tomcat initialized with port(s): 9181 (http)
2017-11-29 23:43:19.273  INFO 81837 --- [main] o.apache.catalina.core.StandardService   : Starting service [Tomcat]
2017-11-29 23:43:19.278  INFO 81837 --- [main] org.apache.catalina.core.StandardEngine  : Starting Servlet Engine: Apache Tomcat/8.5.23
2017-11-29 23:43:19.469  INFO 81837 --- [localhost-startStop-1] o.a.c.c.C.[Tomcat].[localhost].[/]       : Initializing Spring embedded WebApplicationContext
2017-11-29 23:43:19.469  INFO 81837 --- [localhost-startStop-1] o.s.web.context.ContextLoader            : Root WebApplicationContext: initialization completed in 5789 ms
2017-11-29 23:43:19.772  INFO 81837 --- [localhost-startStop-1] o.s.b.w.servlet.ServletRegistrationBean  : Mapping servlet: 'dispatcherServlet' to [/]
2017-11-29 23:43:19.786  INFO 81837 --- [localhost-startStop-1] o.s.b.w.servlet.FilterRegistrationBean   : Mapping filter: 'characterEncodingFilter' to: [/*]
2017-11-29 23:43:19.787  INFO 81837 --- [localhost-startStop-1] o.s.b.w.servlet.FilterRegistrationBean   : Mapping filter: 'hiddenHttpMethodFilter' to: [/*]
2017-11-29 23:43:19.787  INFO 81837 --- [localhost-startStop-1] o.s.b.w.servlet.FilterRegistrationBean   : Mapping filter: 'httpPutFormContentFilter' to: [/*]
2017-11-29 23:43:19.788  INFO 81837 --- [localhost-startStop-1] o.s.b.w.servlet.FilterRegistrationBean   : Mapping filter: 'requestContextFilter' to: [/*]
2017-11-29 23:43:22.576  INFO 81837 --- [main] s.w.s.m.m.a.RequestMappingHandlerAdapter : Looking for @ControllerAdvice: org.springframework.boot.context.embedded.AnnotationConfigEmbeddedWebApplicationContext@343570b7: startup date [Wed Nov 29 23:43:13 CST 2017]; root of context hierarchy
2017-11-29 23:43:22.786  INFO 81837 --- [main] s.w.s.m.m.a.RequestMappingHandlerMapping : Mapped "{[/api/v1.2/bargain/getfirstpage],methods=[GET]}" onto java.lang.String com.houxiaopang.controllor.BargainControllor.getDemand(java.lang.String,java.lang.String)
2017-11-29 23:43:22.788  INFO 81837 --- [main] s.w.s.m.m.a.RequestMappingHandlerMapping : Mapped "{[/api/v1.2/bargain/login],methods=[GET]}" onto java.lang.String com.houxiaopang.controllor.BargainControllor.login(java.lang.String)
2017-11-29 23:43:22.789  INFO 81837 --- [main] s.w.s.m.m.a.RequestMappingHandlerMapping : Mapped "{[/api/v1.2/bargain/bargain],methods=[POST]}" onto java.lang.String com.houxiaopang.controllor.BargainControllor.bargain(java.lang.String,java.lang.String)
2017-11-29 23:43:22.790  INFO 81837 --- [main] s.w.s.m.m.a.RequestMappingHandlerMapping : Mapped "{[/api/v1.2/bargain/adddemand],methods=[POST]}" onto java.lang.String com.houxiaopang.controllor.BargainControllor.addDemand(com.houxiaopang.model.Demand)
2017-11-29 23:43:22.797  INFO 81837 --- [main] s.w.s.m.m.a.RequestMappingHandlerMapping : Mapped "{[/blog],methods=[GET]}" onto org.springframework.web.servlet.ModelAndView com.houxiaopang.controllor.BlogControllor.home()
2017-11-29 23:43:22.797  INFO 81837 --- [main] s.w.s.m.m.a.RequestMappingHandlerMapping : Mapped "{[/blog/case],methods=[GET]}" onto org.springframework.web.servlet.ModelAndView com.houxiaopang.controllor.BlogControllor.introduce(java.lang.String,java.lang.String)
2017-11-29 23:43:22.822  INFO 81837 --- [main] s.w.s.m.m.a.RequestMappingHandlerMapping : Mapped "{[/blog/design],methods=[GET]}" onto org.springframework.web.servlet.ModelAndView com.houxiaopang.controllor.BlogControllor.designd(java.lang.String,java.lang.String)
2017-11-29 23:43:22.823  INFO 81837 --- [main] s.w.s.m.m.a.RequestMappingHandlerMapping : Mapped "{[/blog/design/{id}],methods=[GET]}" onto org.springframework.web.servlet.ModelAndView com.houxiaopang.controllor.BlogControllor.design(java.lang.String)
2017-11-29 23:43:22.824  INFO 81837 --- [main] s.w.s.m.m.a.RequestMappingHandlerMapping : Mapped "{[/blog/addcase],methods=[POST]}" onto java.lang.String com.houxiaopang.controllor.BlogControllor.addcase(com.houxiaopang.model.Case)
2017-11-29 23:43:22.825  INFO 81837 --- [main] s.w.s.m.m.a.RequestMappingHandlerMapping : Mapped "{[/blog/adddesign],methods=[POST]}" onto java.lang.String com.houxiaopang.controllor.BlogControllor.adddesign(com.houxiaopang.model.Design)
2017-11-29 23:43:22.828  INFO 81837 --- [main] s.w.s.m.m.a.RequestMappingHandlerMapping : Mapped "{[/blog/404],methods=[GET]}" onto java.lang.String com.houxiaopang.controllor.BlogControllor.notfond()
2017-11-29 23:43:22.829  INFO 81837 --- [main] s.w.s.m.m.a.RequestMappingHandlerMapping : Mapped "{[/blog/case/{id}],methods=[GET]}" onto org.springframework.web.servlet.ModelAndView com.houxiaopang.controllor.BlogControllor.casecontent(java.lang.String)
2017-11-29 23:43:22.837  INFO 81837 --- [main] s.w.s.m.m.a.RequestMappingHandlerMapping : Mapped "{[/api/v1.2/verified/getverified],methods=[GET]}" onto java.lang.String com.houxiaopang.controllor.VerifiedControllor.selectVerified(javax.servlet.http.HttpServletRequest)
2017-11-29 23:43:22.838  INFO 81837 --- [main] s.w.s.m.m.a.RequestMappingHandlerMapping : Mapped "{[/api/v1.2/verified/addverified],methods=[POST]}" onto java.lang.String com.houxiaopang.controllor.VerifiedControllor.addVerified(javax.servlet.http.HttpServletRequest,com.houxiaopang.model.Verified,org.springframework.web.multipart.MultipartFile,org.springframework.web.multipart.MultipartFile)
2017-11-29 23:43:22.852  INFO 81837 --- [main] s.w.s.m.m.a.RequestMappingHandlerMapping : Mapped "{[/api/v1.2/verified/updatastatus],methods=[POST]}" onto java.lang.String com.houxiaopang.controllor.VerifiedControllor.updatastatus(java.lang.String,java.lang.String,javax.servlet.http.HttpServletRequest)
2017-11-29 23:43:22.853  INFO 81837 --- [main] s.w.s.m.m.a.RequestMappingHandlerMapping : Mapped "{[/api/v1.2/verified/selectall],methods=[GET]}" onto java.lang.String com.houxiaopang.controllor.VerifiedControllor.updatastatus(javax.servlet.http.HttpServletRequest)
2017-11-29 23:43:22.864  INFO 81837 --- [main] s.w.s.m.m.a.RequestMappingHandlerMapping : Mapped "{[/api/v1.2/verified/workinsert],methods=[POST]}" onto java.lang.String com.houxiaopang.controllor.VerifiedControllor.insertwork(java.lang.String,javax.servlet.http.HttpServletRequest)
2017-11-29 23:43:22.873  INFO 81837 --- [main] s.w.s.m.m.a.RequestMappingHandlerMapping : Mapped "{[/error]}" onto public org.springframework.http.ResponseEntity<java.util.Map<java.lang.String, java.lang.Object>> org.springframework.boot.autoconfigure.web.BasicErrorController.error(javax.servlet.http.HttpServletRequest)
2017-11-29 23:43:22.876  INFO 81837 --- [main] s.w.s.m.m.a.RequestMappingHandlerMapping : Mapped "{[/error],produces=[text/html]}" onto public org.springframework.web.servlet.ModelAndView org.springframework.boot.autoconfigure.web.BasicErrorController.errorHtml(javax.servlet.http.HttpServletRequest,javax.servlet.http.HttpServletResponse)
2017-11-29 23:43:22.995  INFO 81837 --- [main] .m.m.a.ExceptionHandlerExceptionResolver : Detected @ExceptionHandler methods in globalExceptionHandler
2017-11-29 23:43:23.083  INFO 81837 --- [main] o.s.w.s.handler.SimpleUrlHandlerMapping  : Mapped URL path [/**/favicon.ico] onto handler of type [class org.springframework.web.servlet.resource.ResourceHttpRequestHandler]
2017-11-29 23:43:23.504  INFO 81837 --- [main] o.s.ui.freemarker.SpringTemplateLoader   : SpringTemplateLoader for FreeMarker: using resource loader [org.springframework.boot.context.embedded.AnnotationConfigEmbeddedWebApplicationContext@343570b7: startup date [Wed Nov 29 23:43:13 CST 2017]; root of context hierarchy] and template loader path [classpath:/templates/]
2017-11-29 23:43:23.506  INFO 81837 --- [main] o.s.w.s.v.f.FreeMarkerConfigurer         : ClassTemplateLoader for Spring macros added to FreeMarker configuration
2017-11-29 23:43:24.033  INFO 81837 --- [main] o.s.j.e.a.AnnotationMBeanExporter        : Registering beans for JMX exposure on startup
2017-11-29 23:43:24.277  INFO 81837 --- [main] s.b.c.e.t.TomcatEmbeddedServletContainer : Tomcat started on port(s): 9181 (http)
2017-11-29 23:43:24.294  INFO 81837 --- [main] com.houxiaopang.DemoApplication          : Started DemoApplication in 12.582 seconds (JVM running for 14.226)
2017-11-29 23:44:16.477  INFO 81837 --- [http-nio-9181-exec-1] o.a.c.c.C.[Tomcat].[localhost].[/]       : Initializing Spring FrameworkServlet 'dispatcherServlet'
2017-11-29 23:44:16.479  INFO 81837 --- [http-nio-9181-exec-1] o.s.web.servlet.DispatcherServlet        : FrameworkServlet 'dispatcherServlet': initialization started
2017-11-29 23:44:16.524  INFO 81837 --- [http-nio-9181-exec-1] o.s.web.servlet.DispatcherServlet        : FrameworkServlet 'dispatcherServlet': initialization completed in 44 ms
2017-11-29 23:50:31.964  INFO 81837 --- [http-nio-9181-exec-9] c.houxiaopang.controllor.BlogControllor  : 用户:32，开始爬取，站酷地址：http://www.zcool.com.cn/u/121
2017-11-29 23:50:33.564 ERROR 81837 --- [ThreadPoolTaskExecutor-1] com.houxiaopang.service.AsyncTask        : 警告，用户：32，解析站酷相册:http://www.zcool.com.cn/u/121，获取的相册为空。
2017-11-29 23:51:51.740  INFO 81837 --- [http-nio-9181-exec-10] c.houxiaopang.controllor.BlogControllor  : 用户:32，开始爬取，站酷地址：http://sanchilishui.zcool.com.cn/
2017-11-29 23:51:53.148  INFO 81837 --- [ThreadPoolTaskExecutor-2] com.houxiaopang.service.AsyncTask        : 导入结果：【用户：32，导入站酷相册:http://sanchilishui.zcool.com.cn/，共导入相册数量：4
2017-11-29 23:51:54.878  INFO 81837 --- [ThreadPoolTaskExecutor-2] com.houxiaopang.service.AsyncTask        : 用户:32，导入站酷地址：http://sanchilishui.zcool.com.cn/，成功。
2017-11-30 00:02:05.864  INFO 81837 --- [Thread-2] ationConfigEmbeddedWebApplicationContext : Closing org.springframework.boot.context.embedded.AnnotationConfigEmbeddedWebApplicationContext@343570b7: startup date [Wed Nov 29 23:43:13 CST 2017]; root of context hierarchy
2017-11-30 00:02:05.909  INFO 81837 --- [Thread-2] o.s.j.e.a.AnnotationMBeanExporter        : Unregistering JMX-exposed beans on shutdown
2017-11-30 00:02:05.920  WARN 81837 --- [Thread-2] o.s.b.f.support.DisposableBeanAdapter    : Invocation of destroy method 'close' failed on bean with name 'dataSource': java.lang.NoClassDefFoundError: com/mysql/jdbc/ProfilerEventHandlerFactory
